[WARNING] Global which is neither Integer nor Float
@__CPROVER_thread_priorities = constant [2 x i32] [i32 5, i32 2], align 4
It is not being monitored (there may be errors en route)
[WARNING] Global which is neither Integer nor Float
@.str = private unnamed_addr constant [20 x i8] c"c::task_communicate\00", align 1
It is not being monitored (there may be errors en route)
[WARNING] Global which is neither Integer nor Float
@.str.1 = private unnamed_addr constant [16 x i8] c"c::task_measure\00", align 1
It is not being monitored (there may be errors en route)
[WARNING] Global which is neither Integer nor Float
@__CPROVER_threads = global [2 x i8*] [i8* getelementptr inbounds ([20 x i8], [20 x i8]* @.str, i32 0, i32 0), i8* getelementptr inbounds ([16 x i8], [16 x i8]* @.str.1, i32 0, i32 0)], align 16
It is not being monitored (there may be errors en route)
[WARNING] Global which is neither Integer nor Float
@.str.2 = private unnamed_addr constant [2 x i8] c"0\00", align 1
It is not being monitored (there may be errors en route)
[WARNING] Global which is neither Integer nor Float
@.str.3 = private unnamed_addr constant [7 x i8] c"main.c\00", align 1
It is not being monitored (there may be errors en route)
[WARNING] Global which is neither Integer nor Float
@__PRETTY_FUNCTION__.task_communicate = private unnamed_addr constant [31 x i8] c"void *task_communicate(void *)\00", align 1
It is not being monitored (there may be errors en route)
[WARNING] Global which is neither Integer nor Float
@msgBuffer = common global [64 x i32] zeroinitializer, align 16
It is not being monitored (there may be errors en route)
Rules: (declare-fun dom ((_ BitVec 16) (_ BitVec 16)) Bool)
(declare-fun postDom ((_ BitVec 16) (_ BitVec 16)) Bool)
(declare-fun ld ((_ BitVec 16) (_ BitVec 16)) Bool)
(declare-fun st ((_ BitVec 16) (_ BitVec 16)) Bool)
(declare-rel st ((_ BitVec 16) (_ BitVec 16)))
(declare-rel dom ((_ BitVec 16) (_ BitVec 16)))
(declare-rel postDom ((_ BitVec 16) (_ BitVec 16)))
(declare-rel ld ((_ BitVec 16) (_ BitVec 16)))
(declare-var A (_ BitVec 16))
(declare-var B (_ BitVec 16))
(declare-var C (_ BitVec 16))
(rule (=> (and (dom B C) (dom A B)) (dom A C)))
(rule (=> (and (postDom B C) (postDom A B)) (postDom A C)))
(rule (postDom #x002e #x0045))
(rule (postDom #x0045 #x0048))
(rule (dom #x0009 #x000a))
(rule (postDom #x000a #x0009))
(rule (dom #x000a #x000b))
(rule (postDom #x000b #x000a))
(rule (dom #x000b #x000c))
(rule (postDom #x000c #x000b))
(rule (dom #x000c #x000d))
(rule (postDom #x000d #x000c))
(rule (dom #x000d #x000e))
(rule (postDom #x000e #x000d))
(rule (dom #x000e #x000f))
(rule (postDom #x000f #x000e))
(rule (dom #x000f #x0010))
(rule (postDom #x0010 #x000f))
(rule (dom #x0010 #x0011))
(rule (postDom #x0011 #x0010))
(rule (dom #x0011 #x0012))
(rule (postDom #x0012 #x0011))
(rule (dom #x0012 #x0013))
(rule (postDom #x0013 #x0012))
(rule (ld #x0009 #x0014))
(rule (st #x000a #x0014))
(rule (ld #x000b #x0014))
(rule (ld #x000c #x0015))
(rule (st #x000d #x0014))
(rule (ld #x000e #x0016))
(rule (st #x000f #x0016))
(rule (st #x0010 #x0017))
(rule (ld #x0011 #x0018))
(rule (st #x0012 #x0018))
(rule (dom #x0019 #x001a))
(rule (postDom #x001a #x0019))
(rule (dom #x001a #x001b))
(rule (postDom #x001b #x001a))
(rule (dom #x001b #x001c))
(rule (postDom #x001c #x001b))
(rule (dom #x001c #x001d))
(rule (postDom #x001d #x001c))
(rule (dom #x001d #x001e))
(rule (postDom #x001e #x001d))
(rule (dom #x001e #x001f))
(rule (postDom #x001f #x001e))
(rule (st #x001a #x0020))
(rule (st #x001c #x0021))
(rule (st #x001d #x0022))
(rule (ld #x001e #x0020))
(rule (dom #x001f #x0023))
(rule (dom #x001f #x0024))
(rule (dom #x001f #x0025))
(rule (dom #x0025 #x0026))
(rule (postDom #x0026 #x0025))
(rule (ld #x0025 #x0020))
(rule (dom #x0026 #x0027))
(rule (dom #x0027 #x0028))
(rule (postDom #x0028 #x0027))
(rule (ld #x0027 #x0020))
(rule (dom #x0028 #x0029))
(rule (dom #x0029 #x002a))
(rule (postDom #x002a #x0029))
(rule (ld #x0029 #x0020))
(rule (dom #x0023 #x002b))
(rule (postDom #x002b #x0023))
(rule (st #x0023 #x0022))
(rule (dom #x0024 #x002c))
(rule (postDom #x002c #x0024))
(rule (ld #x0024 #x0021))
(rule (dom #x002c #x002d))
(rule (dom #x002c #x002e))
(rule (postDom #x0024 #x002b))
(rule (postDom #x0024 #x002a))
(rule (postDom #x0024 #x0028))
(rule (postDom #x0024 #x0026))
(rule (postDom #x0024 #x001f))
(rule (dom #x002d #x002f))
(rule (postDom #x002f #x002d))
(rule (ld #x002d #x0020))
(rule (dom #x002f #x0030))
(rule (dom #x002f #x0031))
(rule (dom #x0030 #x0032))
(rule (postDom #x0032 #x0030))
(rule (ld #x0030 #x0033))
(rule (dom #x0032 #x0034))
(rule (dom #x0032 #x0035))
(rule (dom #x0032 #x0036))
(rule (dom #x0034 #x0037))
(rule (postDom #x0037 #x0034))
(rule (st #x0034 #x0021))
(rule (dom #x0036 #x0038))
(rule (postDom #x0038 #x0036))
(rule (st #x0036 #x0033))
(rule (dom #x0035 #x0039))
(rule (postDom #x0039 #x0035))
(rule (st #x0035 #x003a))
(rule (postDom #x0035 #x0038))
(rule (postDom #x0035 #x0032))
(rule (postDom #x0035 #x0037))
(rule (dom #x0031 #x003b))
(rule (postDom #x003b #x0031))
(rule (ld #x0031 #x0020))
(rule (dom #x003b #x003c))
(rule (dom #x003b #x003d))
(rule (postDom #x0031 #x0039))
(rule (postDom #x0031 #x002f))
(rule (dom #x003c #x003e))
(rule (postDom #x003e #x003c))
(rule (st #x003c #x003a))
(rule (dom #x003d #x003f))
(rule (postDom #x003f #x003d))
(rule (ld #x003d #x0020))
(rule (dom #x003f #x0040))
(rule (dom #x003f #x0041))
(rule (postDom #x003d #x003e))
(rule (postDom #x003d #x003b))
(rule (dom #x0040 #x0042))
(rule (postDom #x0042 #x0040))
(rule (st #x0040 #x003a))
(rule (dom #x0041 #x0043))
(rule (postDom #x0043 #x0041))
(rule (ld #x0041 #x0020))
(rule (dom #x0043 #x0044))
(rule (dom #x0043 #x0045))
(rule (postDom #x0041 #x0042))
(rule (postDom #x0041 #x003f))
(rule (dom #x0044 #x0046))
(rule (postDom #x0046 #x0044))
(rule (ld #x0044 #x0033))
(rule (dom #x0046 #x0047))
(rule (dom #x0046 #x0048))
(rule (dom #x0046 #x0049))
(rule (dom #x0047 #x004a))
(rule (postDom #x004a #x0047))
(rule (st #x0047 #x0021))
(rule (dom #x0049 #x004b))
(rule (postDom #x004b #x0049))
(rule (ld #x0049 #x0018))
(rule (dom #x004b #x004c))
(rule (dom #x004b #x004d))
(rule (dom #x004c #x004e))
(rule (postDom #x004e #x004c))
(rule (st #x004c #x0033))
(rule (dom #x004d #x004f))
(rule (postDom #x004f #x004d))
(rule (dom #x004f #x0050))
(rule (postDom #x0050 #x004f))
(rule (dom #x0050 #x0051))
(rule (postDom #x0051 #x0050))
(rule (dom #x0051 #x0052))
(rule (postDom #x0052 #x0051))
(rule (dom #x0052 #x0053))
(rule (postDom #x0053 #x0052))
(rule (dom #x0053 #x0054))
(rule (postDom #x0054 #x0053))
(rule (dom #x0054 #x0055))
(rule (postDom #x0055 #x0054))
(rule (st #x004d #x0016))
(rule (st #x004f #x0014))
(rule (st #x0050 #x0018))
(rule (st #x0051 #x0056))
(rule (st #x0052 #x0015))
(rule (st #x0053 #x0033))
(rule (ld #x0054 #x0018))
(rule (postDom #x0057 #x0055))
(rule (dom #x0055 #x0058))
(rule (dom #x0055 #x0057))
(rule (postDom #x004d #x004e))
(rule (postDom #x004d #x004b))
(rule (dom #x0058 #x0059))
(rule (postDom #x0059 #x0058))
(rule (dom #x0057 #x005a))
(rule (postDom #x005a #x0057))
(rule (st #x0057 #x003a))
(rule (postDom #x0048 #x005a))
(rule (postDom #x0048 #x004a))

[WARNING] Initializing unhandled global type: @__CPROVER_thread_priorities = constant [2 x i32] [i32 5, i32 2], align 4
Setting to default initial value
[WARNING] Initializing unhandled global type: @.str = private unnamed_addr constant [20 x i8] c"c::task_communicate\00", align 1
Setting to default initial value
[WARNING] Initializing unhandled global type: @.str.1 = private unnamed_addr constant [16 x i8] c"c::task_measure\00", align 1
Setting to default initial value
[WARNING] Initializing unhandled global type: @__CPROVER_threads = global [2 x i8*] [i8* getelementptr inbounds ([20 x i8], [20 x i8]* @.str, i32 0, i32 0), i8* getelementptr inbounds ([16 x i8], [16 x i8]* @.str.1, i32 0, i32 0)], align 16
Setting to default initial value
[WARNING] Initializing unhandled global type: @.str.2 = private unnamed_addr constant [2 x i8] c"0\00", align 1
Setting to default initial value
[WARNING] Initializing unhandled global type: @.str.3 = private unnamed_addr constant [7 x i8] c"main.c\00", align 1
Setting to default initial value
[WARNING] Initializing unhandled global type: @__PRETTY_FUNCTION__.task_communicate = private unnamed_addr constant [31 x i8] c"void *task_communicate(void *)\00", align 1
Setting to default initial value
[WARNING] Initializing unhandled global type: @msgBuffer = common global [64 x i32] zeroinitializer, align 16
Setting to default initial value
Interference Iteration: 1
Analyzing thread: 0
Analyzing thread: 1
Analyzing thread: 2
Interference Iteration: 2
Analyzing thread: 0
Analyzing thread: 1
Analyzing thread: 2
Interference Iteration: 3
Analyzing thread: 0
Analyzing thread: 1
Analyzing thread: 2
v53: @decodingStatus = common global i32 0, align 4
v44: @systemState = common global i32 0, align 4
v45: @numberOfRecords = common global i32 0, align 4
v46: @intervalCounter = common global i32 0, align 4
v47: @tickCounter = common global i32 0, align 4
v48: @startTime = common global i32 0, align 4
v49: @interval = common global i32 0, align 4
v50: @records = common global i32 0, align 4
v51: @cmd = common global i32 0, align 4
v52: @rspStatus = common global i32 0, align 4
v59: i8* %0
v54: @sendit = common global i32 0, align 4
v55: i32 %_startTime
v56: i32 %_interval
v61: i32 %2
v0:   %1 = load i32, i32* @numberOfRecords, align 4
v1:   %2 = add nsw i32 %1, 1
v2:   %3 = icmp sge i32 %2, 64
v57: i8* %unused
v3:   %1 = load i32, i32* @tickCounter, align 4
v4:   %2 = add nsw i32 %1, 1
v5:   %3 = load i32, i32* @tickCounter, align 4
v6:   %4 = load i32, i32* @interval, align 4
v7:   %5 = load i32, i32* @intervalCounter, align 4
v8:   %6 = add nsw i32 %5, 1
v9:   %7 = load i32, i32* @numberOfRecords, align 4
v10:   %8 = add nsw i32 %7, 1
v58: i8* %unused
v11:   %2 = srem i32 %1, 4
v12:   %3 = add nsw i32 %2, 1
v13:   %5 = srem i32 %4, 2
v14:   %6 = add nsw i32 %5, 1
v60: i8* %1
v15:   %7 = load i32, i32* @cmd, align 4
v16:   %8 = icmp eq i32 %7, 2
v22:   %17 = icmp eq i32 %16, 1
v62: i8* %3
v17:   %10 = load i32, i32* @cmd, align 4
v18:   %11 = icmp eq i32 %10, 3
v19:   %13 = load i32, i32* @cmd, align 4
v20:   %14 = icmp eq i32 %13, 4
v21:   %16 = load i32, i32* @cmd, align 4
v30:   %33 = icmp eq i32 %32, 3
v23:   %20 = load i32, i32* @rspStatus, align 4
v24:   %21 = icmp eq i32 %20, 1
v25:   %23 = load i32, i32* @cmd, align 4
v26:   %24 = icmp eq i32 %23, 2
v65: i8* (i8*)* %2
v27:   %26 = load i32, i32* @systemState, align 4
v28:   %27 = icmp ne i32 %26, 1
v64: %union.pthread_attr_t* %1
v29:   %32 = load i32, i32* @cmd, align 4
v31:   %36 = load i32, i32* @cmd, align 4
v32:   %37 = icmp eq i32 %36, 4
v33:   %40 = load i32, i32* @cmd, align 4
v34:   %41 = icmp eq i32 %40, 0
v35:   %43 = load i32, i32* @systemState, align 4
v36:   %44 = icmp ne i32 %43, 0
v37:   %47 = load i32, i32* @numberOfRecords, align 4
v38:   %48 = add nsw i32 %47, 1
v39:   %49 = icmp sge i32 %48, 64
v40:   %52 = load i32, i32* @numberOfRecords, align 4
v41:   %53 = icmp ne i32 %52, 0
v42:   %t1 = alloca i64, align 8
v43:   %t2 = alloca i64, align 8
v63: i64* %0
v66: i8* %3
==== task_measure() Results ====
BasicBlock: 
  %1 = load i32, i32* @tickCounter, align 4
  %2 = add nsw i32 %1, 1
  store i32 %2, i32* @tickCounter, align 4
  %3 = load i32, i32* @tickCounter, align 4
  %4 = load i32, i32* @interval, align 4
  store i32 0, i32* @tickCounter, align 4
  %5 = load i32, i32* @intervalCounter, align 4
  %6 = add nsw i32 %5, 1
  store i32 %6, i32* @intervalCounter, align 4
  store i32 1, i32* @records, align 4
  %7 = load i32, i32* @numberOfRecords, align 4
  %8 = add nsw i32 %7, 1
  store i32 %8, i32* @numberOfRecords, align 4
  ret i8* undef
Facts: interval of dim (67,0):
      v0 in [-oo,+oo]
      v1 in [-oo,+oo]
     v10 in [-oo,+oo]
     v11 in [-oo,+oo]
     v12 in [-oo,+oo]
     v13 in [-oo,+oo]
     v14 in [-oo,+oo]
     v15 in [-oo,+oo]
     v16 in [-oo,+oo]
     v17 in [-oo,+oo]
     v18 in [-oo,+oo]
     v19 in [-oo,+oo]
      v2 in [-oo,+oo]
     v20 in [-oo,+oo]
     v21 in [-oo,+oo]
     v22 in [-oo,+oo]
     v23 in [-oo,+oo]
     v24 in [-oo,+oo]
     v25 in [-oo,+oo]
     v26 in [-oo,+oo]
     v27 in [-oo,+oo]
     v28 in [-oo,+oo]
     v29 in [-oo,+oo]
      v3 in [-oo,+oo]
     v30 in [-oo,+oo]
     v31 in [-oo,+oo]
     v32 in [-oo,+oo]
     v33 in [-oo,+oo]
     v34 in [-oo,+oo]
     v35 in [-oo,+oo]
     v36 in [-oo,+oo]
     v37 in [-oo,+oo]
     v38 in [-oo,+oo]
     v39 in [-oo,+oo]
      v4 in [-oo,+oo]
     v40 in [-oo,+oo]
     v41 in [-oo,+oo]
     v42 in [-oo,+oo]
     v43 in [-oo,+oo]
     v44 in [0,0]
     v45 in [0,0]
     v46 in [0,0]
     v47 in [0,0]
     v48 in [0,0]
     v49 in [0,0]
      v5 in [-oo,+oo]
     v50 in [0,0]
     v51 in [0,0]
     v52 in [0,0]
     v53 in [0,0]
     v54 in [0,0]
     v55 in [-oo,+oo]
     v56 in [-oo,+oo]
     v57 in [-oo,+oo]
     v58 in [-oo,+oo]
     v59 in [-oo,+oo]
      v6 in [-oo,+oo]
     v60 in [-oo,+oo]
     v61 in [-oo,+oo]
     v62 in [-oo,+oo]
     v63 in [-oo,+oo]
     v64 in [-oo,+oo]
     v65 in [-oo,+oo]
     v66 in [-oo,+oo]
      v7 in [-oo,+oo]
      v8 in [-oo,+oo]
      v9 in [-oo,+oo]

======================
==== task_communicate() Results ====
BasicBlock: 
  %1 = call i32 @rand() #3
  %2 = srem i32 %1, 4
  %3 = add nsw i32 %2, 1
  store i32 %3, i32* @cmd, align 4
  %4 = call i32 @rand() #3
  %5 = srem i32 %4, 2
  %6 = add nsw i32 %5, 1
  store i32 %6, i32* @rspStatus, align 4
  store i32 0, i32* @decodingStatus, align 4
  %7 = load i32, i32* @cmd, align 4
  %8 = icmp eq i32 %7, 2
  br i1 %8, label %18, label %9
Facts: interval of dim (67,0):
      v0 in [-oo,+oo]
      v1 in [-oo,+oo]
     v10 in [-oo,+oo]
     v11 in [-oo,+oo]
     v12 in [-oo,+oo]
     v13 in [-oo,+oo]
     v14 in [-oo,+oo]
     v15 in [-oo,+oo]
     v16 in [-oo,+oo]
     v17 in [-oo,+oo]
     v18 in [-oo,+oo]
     v19 in [-oo,+oo]
      v2 in [-oo,+oo]
     v20 in [-oo,+oo]
     v21 in [-oo,+oo]
     v22 in [-oo,+oo]
     v23 in [-oo,+oo]
     v24 in [-oo,+oo]
     v25 in [-oo,+oo]
     v26 in [-oo,+oo]
     v27 in [-oo,+oo]
     v28 in [-oo,+oo]
     v29 in [-oo,+oo]
      v3 in [-oo,+oo]
     v30 in [-oo,+oo]
     v31 in [-oo,+oo]
     v32 in [-oo,+oo]
     v33 in [-oo,+oo]
     v34 in [-oo,+oo]
     v35 in [-oo,+oo]
     v36 in [-oo,+oo]
     v37 in [-oo,+oo]
     v38 in [-oo,+oo]
     v39 in [-oo,+oo]
      v4 in [-oo,+oo]
     v40 in [-oo,+oo]
     v41 in [-oo,+oo]
     v42 in [-oo,+oo]
     v43 in [-oo,+oo]
     v44 in [0,0]
     v45 in [0,0]
     v46 in [0,0]
     v47 in [0,0]
     v48 in [0,0]
     v49 in [0,0]
      v5 in [-oo,+oo]
     v50 in [0,0]
     v51 in [0,0]
     v52 in [0,0]
     v53 in [0,0]
     v54 in [0,0]
     v55 in [-oo,+oo]
     v56 in [-oo,+oo]
     v57 in [-oo,+oo]
     v58 in [-oo,+oo]
     v59 in [-oo,+oo]
      v6 in [-oo,+oo]
     v60 in [-oo,+oo]
     v61 in [-oo,+oo]
     v62 in [-oo,+oo]
     v63 in [-oo,+oo]
     v64 in [-oo,+oo]
     v65 in [-oo,+oo]
     v66 in [-oo,+oo]
      v7 in [-oo,+oo]
      v8 in [-oo,+oo]
      v9 in [-oo,+oo]

BasicBlock: 
; <label>:18                                      ; preds = %15, %12, %9, %0
  store i32 1, i32* @decodingStatus, align 4
  br label %19
Facts: interval of dim (67,0):
      v0 in [-oo,+oo]
      v1 in [-oo,+oo]
     v10 in [-oo,+oo]
     v11 in [-oo,+oo]
     v12 in [-4294967295,4294967295]
     v13 in [-oo,+oo]
     v14 in [-4294967295,4294967295]
     v15 in [-4294967295,4294967295]
     v16 in [0,0]
     v17 in [-4294967295,4294967295]
     v18 in [0,0]
     v19 in [-4294967295,4294967295]
      v2 in [-oo,+oo]
     v20 in [0,0]
     v21 in [1,1]
     v22 in [1,1]
     v23 in [-oo,+oo]
     v24 in [-oo,+oo]
     v25 in [-oo,+oo]
     v26 in [-oo,+oo]
     v27 in [-oo,+oo]
     v28 in [-oo,+oo]
     v29 in [-oo,+oo]
      v3 in [-oo,+oo]
     v30 in [-oo,+oo]
     v31 in [-oo,+oo]
     v32 in [-oo,+oo]
     v33 in [-oo,+oo]
     v34 in [-oo,+oo]
     v35 in [-oo,+oo]
     v36 in [-oo,+oo]
     v37 in [-oo,+oo]
     v38 in [-oo,+oo]
     v39 in [-oo,+oo]
      v4 in [-oo,+oo]
     v40 in [-oo,+oo]
     v41 in [-oo,+oo]
     v42 in [-oo,+oo]
     v43 in [-oo,+oo]
     v44 in [0,0]
     v45 in [0,0]
     v46 in [0,0]
     v47 in [0,0]
     v48 in [0,0]
     v49 in [0,0]
      v5 in [-oo,+oo]
     v50 in [0,0]
     v51 in [-4294967295,4294967295]
     v52 in [-4294967295,4294967295]
     v53 in [0,0]
     v54 in [0,0]
     v55 in [-oo,+oo]
     v56 in [-oo,+oo]
     v57 in [-oo,+oo]
     v58 in [-oo,+oo]
     v59 in [-oo,+oo]
      v6 in [-oo,+oo]
     v60 in [-oo,+oo]
     v61 in [-oo,+oo]
     v62 in [-oo,+oo]
     v63 in [-oo,+oo]
     v64 in [-oo,+oo]
     v65 in [-oo,+oo]
     v66 in [-oo,+oo]
      v7 in [-oo,+oo]
      v8 in [-oo,+oo]
      v9 in [-oo,+oo]

BasicBlock: 
; <label>:9                                       ; preds = %0
  %10 = load i32, i32* @cmd, align 4
  %11 = icmp eq i32 %10, 3
  br i1 %11, label %18, label %12
Facts: interval of dim (67,0):
      v0 in [-oo,+oo]
      v1 in [-oo,+oo]
     v10 in [-oo,+oo]
     v11 in [-oo,+oo]
     v12 in [-4294967295,4294967295]
     v13 in [-oo,+oo]
     v14 in [-4294967295,4294967295]
     v15 in [-4294967295,4294967295]
     v16 in [0,0]
     v17 in [-oo,+oo]
     v18 in [-oo,+oo]
     v19 in [-oo,+oo]
      v2 in [-oo,+oo]
     v20 in [-oo,+oo]
     v21 in [-oo,+oo]
     v22 in [-oo,+oo]
     v23 in [-oo,+oo]
     v24 in [-oo,+oo]
     v25 in [-oo,+oo]
     v26 in [-oo,+oo]
     v27 in [-oo,+oo]
     v28 in [-oo,+oo]
     v29 in [-oo,+oo]
      v3 in [-oo,+oo]
     v30 in [-oo,+oo]
     v31 in [-oo,+oo]
     v32 in [-oo,+oo]
     v33 in [-oo,+oo]
     v34 in [-oo,+oo]
     v35 in [-oo,+oo]
     v36 in [-oo,+oo]
     v37 in [-oo,+oo]
     v38 in [-oo,+oo]
     v39 in [-oo,+oo]
      v4 in [-oo,+oo]
     v40 in [-oo,+oo]
     v41 in [-oo,+oo]
     v42 in [-oo,+oo]
     v43 in [-oo,+oo]
     v44 in [0,0]
     v45 in [0,0]
     v46 in [0,0]
     v47 in [0,0]
     v48 in [0,0]
     v49 in [0,0]
      v5 in [-oo,+oo]
     v50 in [0,0]
     v51 in [-4294967295,4294967295]
     v52 in [-4294967295,4294967295]
     v53 in [0,0]
     v54 in [0,0]
     v55 in [-oo,+oo]
     v56 in [-oo,+oo]
     v57 in [-oo,+oo]
     v58 in [-oo,+oo]
     v59 in [-oo,+oo]
      v6 in [-oo,+oo]
     v60 in [-oo,+oo]
     v61 in [-oo,+oo]
     v62 in [-oo,+oo]
     v63 in [-oo,+oo]
     v64 in [-oo,+oo]
     v65 in [-oo,+oo]
     v66 in [-oo,+oo]
      v7 in [-oo,+oo]
      v8 in [-oo,+oo]
      v9 in [-oo,+oo]

BasicBlock: 
; <label>:12                                      ; preds = %9
  %13 = load i32, i32* @cmd, align 4
  %14 = icmp eq i32 %13, 4
  br i1 %14, label %18, label %15
Facts: interval of dim (67,0):
      v0 in [-oo,+oo]
      v1 in [-oo,+oo]
     v10 in [-oo,+oo]
     v11 in [-oo,+oo]
     v12 in [-4294967295,4294967295]
     v13 in [-oo,+oo]
     v14 in [-4294967295,4294967295]
     v15 in [-4294967295,4294967295]
     v16 in [0,0]
     v17 in [-4294967295,4294967295]
     v18 in [0,0]
     v19 in [-oo,+oo]
      v2 in [-oo,+oo]
     v20 in [-oo,+oo]
     v21 in [-oo,+oo]
     v22 in [-oo,+oo]
     v23 in [-oo,+oo]
     v24 in [-oo,+oo]
     v25 in [-oo,+oo]
     v26 in [-oo,+oo]
     v27 in [-oo,+oo]
     v28 in [-oo,+oo]
     v29 in [-oo,+oo]
      v3 in [-oo,+oo]
     v30 in [-oo,+oo]
     v31 in [-oo,+oo]
     v32 in [-oo,+oo]
     v33 in [-oo,+oo]
     v34 in [-oo,+oo]
     v35 in [-oo,+oo]
     v36 in [-oo,+oo]
     v37 in [-oo,+oo]
     v38 in [-oo,+oo]
     v39 in [-oo,+oo]
      v4 in [-oo,+oo]
     v40 in [-oo,+oo]
     v41 in [-oo,+oo]
     v42 in [-oo,+oo]
     v43 in [-oo,+oo]
     v44 in [0,0]
     v45 in [0,0]
     v46 in [0,0]
     v47 in [0,0]
     v48 in [0,0]
     v49 in [0,0]
      v5 in [-oo,+oo]
     v50 in [0,0]
     v51 in [-4294967295,4294967295]
     v52 in [-4294967295,4294967295]
     v53 in [0,0]
     v54 in [0,0]
     v55 in [-oo,+oo]
     v56 in [-oo,+oo]
     v57 in [-oo,+oo]
     v58 in [-oo,+oo]
     v59 in [-oo,+oo]
      v6 in [-oo,+oo]
     v60 in [-oo,+oo]
     v61 in [-oo,+oo]
     v62 in [-oo,+oo]
     v63 in [-oo,+oo]
     v64 in [-oo,+oo]
     v65 in [-oo,+oo]
     v66 in [-oo,+oo]
      v7 in [-oo,+oo]
      v8 in [-oo,+oo]
      v9 in [-oo,+oo]

BasicBlock: 
; <label>:15                                      ; preds = %12
  %16 = load i32, i32* @cmd, align 4
  %17 = icmp eq i32 %16, 1
  br i1 %17, label %18, label %19
Facts: interval of dim (67,0):
      v0 in [-oo,+oo]
      v1 in [-oo,+oo]
     v10 in [-oo,+oo]
     v11 in [-oo,+oo]
     v12 in [-4294967295,4294967295]
     v13 in [-oo,+oo]
     v14 in [-4294967295,4294967295]
     v15 in [-4294967295,4294967295]
     v16 in [0,0]
     v17 in [-4294967295,4294967295]
     v18 in [0,0]
     v19 in [-4294967295,4294967295]
      v2 in [-oo,+oo]
     v20 in [0,0]
     v21 in [-oo,+oo]
     v22 in [-oo,+oo]
     v23 in [-oo,+oo]
     v24 in [-oo,+oo]
     v25 in [-oo,+oo]
     v26 in [-oo,+oo]
     v27 in [-oo,+oo]
     v28 in [-oo,+oo]
     v29 in [-oo,+oo]
      v3 in [-oo,+oo]
     v30 in [-oo,+oo]
     v31 in [-oo,+oo]
     v32 in [-oo,+oo]
     v33 in [-oo,+oo]
     v34 in [-oo,+oo]
     v35 in [-oo,+oo]
     v36 in [-oo,+oo]
     v37 in [-oo,+oo]
     v38 in [-oo,+oo]
     v39 in [-oo,+oo]
      v4 in [-oo,+oo]
     v40 in [-oo,+oo]
     v41 in [-oo,+oo]
     v42 in [-oo,+oo]
     v43 in [-oo,+oo]
     v44 in [0,0]
     v45 in [0,0]
     v46 in [0,0]
     v47 in [0,0]
     v48 in [0,0]
     v49 in [0,0]
      v5 in [-oo,+oo]
     v50 in [0,0]
     v51 in [-4294967295,4294967295]
     v52 in [-4294967295,4294967295]
     v53 in [0,0]
     v54 in [0,0]
     v55 in [-oo,+oo]
     v56 in [-oo,+oo]
     v57 in [-oo,+oo]
     v58 in [-oo,+oo]
     v59 in [-oo,+oo]
      v6 in [-oo,+oo]
     v60 in [-oo,+oo]
     v61 in [-oo,+oo]
     v62 in [-oo,+oo]
     v63 in [-oo,+oo]
     v64 in [-oo,+oo]
     v65 in [-oo,+oo]
     v66 in [-oo,+oo]
      v7 in [-oo,+oo]
      v8 in [-oo,+oo]
      v9 in [-oo,+oo]

BasicBlock: 
; <label>:34                                      ; preds = %31
  store i32 1, i32* @sendit, align 4
  br label %35
Facts: interval of dim (67,0):
      v0 in [-oo,+oo]
      v1 in [-oo,+oo]
     v10 in [-oo,+oo]
     v11 in [-oo,+oo]
     v12 in [-4294967295,4294967295]
     v13 in [-oo,+oo]
     v14 in [-4294967295,4294967295]
     v15 in [-4294967295,4294967295]
     v16 in [0,1]
     v17 in [-oo,+oo]
     v18 in [-oo,+oo]
     v19 in [-oo,+oo]
      v2 in [-oo,+oo]
     v20 in [-oo,+oo]
     v21 in [-oo,+oo]
     v22 in [-oo,+oo]
     v23 in [1,1]
     v24 in [1,1]
     v25 in [2,2]
     v26 in [1,1]
     v27 in [0,0]
     v28 in [1,1]
     v29 in [3,3]
      v3 in [-oo,+oo]
     v30 in [1,1]
     v31 in [-oo,+oo]
     v32 in [-oo,+oo]
     v33 in [-oo,+oo]
     v34 in [-oo,+oo]
     v35 in [-oo,+oo]
     v36 in [-oo,+oo]
     v37 in [-oo,+oo]
     v38 in [-oo,+oo]
     v39 in [-oo,+oo]
      v4 in [-oo,+oo]
     v40 in [-oo,+oo]
     v41 in [-oo,+oo]
     v42 in [-oo,+oo]
     v43 in [-oo,+oo]
     v44 in [0,0]
     v45 in [0,0]
     v46 in [0,0]
     v47 in [0,0]
     v48 in [0,0]
     v49 in [0,0]
      v5 in [-oo,+oo]
     v50 in [0,0]
     v51 in [-4294967295,4294967295]
     v52 in [0,0]
     v53 in [0,1]
     v54 in [1,1]
     v55 in [-oo,+oo]
     v56 in [-oo,+oo]
     v57 in [-oo,+oo]
     v58 in [-oo,+oo]
     v59 in [-oo,+oo]
      v6 in [-oo,+oo]
     v60 in [-oo,+oo]
     v61 in [-oo,+oo]
     v62 in [-oo,+oo]
     v63 in [-oo,+oo]
     v64 in [-oo,+oo]
     v65 in [-oo,+oo]
     v66 in [-oo,+oo]
      v7 in [-oo,+oo]
      v8 in [-oo,+oo]
      v9 in [-oo,+oo]

BasicBlock: 
; <label>:19                                      ; preds = %18, %15
  %20 = load i32, i32* @rspStatus, align 4
  %21 = icmp eq i32 %20, 1
  br i1 %21, label %22, label %58
Facts: interval of dim (67,0):
      v0 in [-oo,+oo]
      v1 in [-oo,+oo]
     v10 in [-oo,+oo]
     v11 in [-oo,+oo]
     v12 in [-4294967295,4294967295]
     v13 in [-oo,+oo]
     v14 in [-4294967295,4294967295]
     v15 in [-4294967295,4294967295]
     v16 in [0,1]
     v17 in [-oo,+oo]
     v18 in [-oo,+oo]
     v19 in [-oo,+oo]
      v2 in [-oo,+oo]
     v20 in [-oo,+oo]
     v21 in [-oo,+oo]
     v22 in [-oo,+oo]
     v23 in [-oo,+oo]
     v24 in [-oo,+oo]
     v25 in [-oo,+oo]
     v26 in [-oo,+oo]
     v27 in [-oo,+oo]
     v28 in [-oo,+oo]
     v29 in [-oo,+oo]
      v3 in [-oo,+oo]
     v30 in [-oo,+oo]
     v31 in [-oo,+oo]
     v32 in [-oo,+oo]
     v33 in [-oo,+oo]
     v34 in [-oo,+oo]
     v35 in [-oo,+oo]
     v36 in [-oo,+oo]
     v37 in [-oo,+oo]
     v38 in [-oo,+oo]
     v39 in [-oo,+oo]
      v4 in [-oo,+oo]
     v40 in [-oo,+oo]
     v41 in [-oo,+oo]
     v42 in [-oo,+oo]
     v43 in [-oo,+oo]
     v44 in [0,0]
     v45 in [0,0]
     v46 in [0,0]
     v47 in [0,0]
     v48 in [0,0]
     v49 in [0,0]
      v5 in [-oo,+oo]
     v50 in [0,0]
     v51 in [-4294967295,4294967295]
     v52 in [-4294967295,4294967295]
     v53 in [0,1]
     v54 in [0,0]
     v55 in [-oo,+oo]
     v56 in [-oo,+oo]
     v57 in [-oo,+oo]
     v58 in [-oo,+oo]
     v59 in [-oo,+oo]
      v6 in [-oo,+oo]
     v60 in [-oo,+oo]
     v61 in [-oo,+oo]
     v62 in [-oo,+oo]
     v63 in [-oo,+oo]
     v64 in [-oo,+oo]
     v65 in [-oo,+oo]
     v66 in [-oo,+oo]
      v7 in [-oo,+oo]
      v8 in [-oo,+oo]
      v9 in [-oo,+oo]

BasicBlock: 
; <label>:22                                      ; preds = %19
  %23 = load i32, i32* @cmd, align 4
  %24 = icmp eq i32 %23, 2
  br i1 %24, label %25, label %31
Facts: interval of dim (67,0):
      v0 in [-oo,+oo]
      v1 in [-oo,+oo]
     v10 in [-oo,+oo]
     v11 in [-oo,+oo]
     v12 in [-4294967295,4294967295]
     v13 in [-oo,+oo]
     v14 in [-4294967295,4294967295]
     v15 in [-4294967295,4294967295]
     v16 in [0,1]
     v17 in [-oo,+oo]
     v18 in [-oo,+oo]
     v19 in [-oo,+oo]
      v2 in [-oo,+oo]
     v20 in [-oo,+oo]
     v21 in [-oo,+oo]
     v22 in [-oo,+oo]
     v23 in [1,1]
     v24 in [1,1]
     v25 in [-oo,+oo]
     v26 in [-oo,+oo]
     v27 in [-oo,+oo]
     v28 in [-oo,+oo]
     v29 in [-oo,+oo]
      v3 in [-oo,+oo]
     v30 in [-oo,+oo]
     v31 in [-oo,+oo]
     v32 in [-oo,+oo]
     v33 in [-oo,+oo]
     v34 in [-oo,+oo]
     v35 in [-oo,+oo]
     v36 in [-oo,+oo]
     v37 in [-oo,+oo]
     v38 in [-oo,+oo]
     v39 in [-oo,+oo]
      v4 in [-oo,+oo]
     v40 in [-oo,+oo]
     v41 in [-oo,+oo]
     v42 in [-oo,+oo]
     v43 in [-oo,+oo]
     v44 in [0,0]
     v45 in [0,0]
     v46 in [0,0]
     v47 in [0,0]
     v48 in [0,0]
     v49 in [0,0]
      v5 in [-oo,+oo]
     v50 in [0,0]
     v51 in [-4294967295,4294967295]
     v52 in [-4294967295,4294967295]
     v53 in [0,1]
     v54 in [0,0]
     v55 in [-oo,+oo]
     v56 in [-oo,+oo]
     v57 in [-oo,+oo]
     v58 in [-oo,+oo]
     v59 in [-oo,+oo]
      v6 in [-oo,+oo]
     v60 in [-oo,+oo]
     v61 in [-oo,+oo]
     v62 in [-oo,+oo]
     v63 in [-oo,+oo]
     v64 in [-oo,+oo]
     v65 in [-oo,+oo]
     v66 in [-oo,+oo]
      v7 in [-oo,+oo]
      v8 in [-oo,+oo]
      v9 in [-oo,+oo]

BasicBlock: 
; <label>:58                                      ; preds = %57, %19
  ret i8* undef
Facts: interval of dim (67,0):
      v0 in [-oo,+oo]
      v1 in [-oo,+oo]
     v10 in [-oo,+oo]
     v11 in [-oo,+oo]
     v12 in [-4294967295,4294967295]
     v13 in [-oo,+oo]
     v14 in [-4294967295,4294967295]
     v15 in [-4294967295,4294967295]
     v16 in [0,1]
     v17 in [-oo,+oo]
     v18 in [-oo,+oo]
     v19 in [-oo,+oo]
      v2 in [-oo,+oo]
     v20 in [-oo,+oo]
     v21 in [-oo,+oo]
     v22 in [-oo,+oo]
     v23 in [1,1]
     v24 in [1,1]
     v25 in [-4294967295,4294967295]
     v26 in [0,1]
     v27 in [-oo,+oo]
     v28 in [-oo,+oo]
     v29 in [-4294967295,4294967295]
      v3 in [-oo,+oo]
     v30 in [0,1]
     v31 in [-4294967295,4294967295]
     v32 in [0,1]
     v33 in [0,0]
     v34 in [1,1]
     v35 in [0,0]
     v36 in [0,0]
     v37 in [0,1]
     v38 in [1,2]
     v39 in [0,0]
      v4 in [-oo,+oo]
     v40 in [0,0]
     v41 in [0,0]
     v42 in [-oo,+oo]
     v43 in [-oo,+oo]
     v44 in [1,1]
     v45 in [0,1]
     v46 in [0,0]
     v47 in [0,0]
     v48 in [1,1]
     v49 in [1,1]
      v5 in [-oo,+oo]
     v50 in [0,0]
     v51 in [-4294967295,4294967295]
     v52 in [-4294967295,4294967295]
     v53 in [0,1]
     v54 in [1,1]
     v55 in [-oo,+oo]
     v56 in [-oo,+oo]
     v57 in [-oo,+oo]
     v58 in [-oo,+oo]
     v59 in [-oo,+oo]
      v6 in [-oo,+oo]
     v60 in [-oo,+oo]
     v61 in [-oo,+oo]
     v62 in [-oo,+oo]
     v63 in [-oo,+oo]
     v64 in [-oo,+oo]
     v65 in [-oo,+oo]
     v66 in [-oo,+oo]
      v7 in [-oo,+oo]
      v8 in [-oo,+oo]
      v9 in [-oo,+oo]

BasicBlock: 
; <label>:25                                      ; preds = %22
  %26 = load i32, i32* @systemState, align 4
  %27 = icmp ne i32 %26, 1
  br i1 %27, label %28, label %29
Facts: interval of dim (67,0):
      v0 in [-oo,+oo]
      v1 in [-oo,+oo]
     v10 in [-oo,+oo]
     v11 in [-oo,+oo]
     v12 in [-4294967295,4294967295]
     v13 in [-oo,+oo]
     v14 in [-4294967295,4294967295]
     v15 in [-4294967295,4294967295]
     v16 in [0,1]
     v17 in [-oo,+oo]
     v18 in [-oo,+oo]
     v19 in [-oo,+oo]
      v2 in [-oo,+oo]
     v20 in [-oo,+oo]
     v21 in [-oo,+oo]
     v22 in [-oo,+oo]
     v23 in [1,1]
     v24 in [1,1]
     v25 in [2,2]
     v26 in [1,1]
     v27 in [-oo,+oo]
     v28 in [-oo,+oo]
     v29 in [-oo,+oo]
      v3 in [-oo,+oo]
     v30 in [-oo,+oo]
     v31 in [-oo,+oo]
     v32 in [-oo,+oo]
     v33 in [-oo,+oo]
     v34 in [-oo,+oo]
     v35 in [-oo,+oo]
     v36 in [-oo,+oo]
     v37 in [-oo,+oo]
     v38 in [-oo,+oo]
     v39 in [-oo,+oo]
      v4 in [-oo,+oo]
     v40 in [-oo,+oo]
     v41 in [-oo,+oo]
     v42 in [-oo,+oo]
     v43 in [-oo,+oo]
     v44 in [0,0]
     v45 in [0,0]
     v46 in [0,0]
     v47 in [0,0]
     v48 in [0,0]
     v49 in [0,0]
      v5 in [-oo,+oo]
     v50 in [0,0]
     v51 in [-4294967295,4294967295]
     v52 in [-4294967295,4294967295]
     v53 in [0,1]
     v54 in [0,0]
     v55 in [-oo,+oo]
     v56 in [-oo,+oo]
     v57 in [-oo,+oo]
     v58 in [-oo,+oo]
     v59 in [-oo,+oo]
      v6 in [-oo,+oo]
     v60 in [-oo,+oo]
     v61 in [-oo,+oo]
     v62 in [-oo,+oo]
     v63 in [-oo,+oo]
     v64 in [-oo,+oo]
     v65 in [-oo,+oo]
     v66 in [-oo,+oo]
      v7 in [-oo,+oo]
      v8 in [-oo,+oo]
      v9 in [-oo,+oo]

BasicBlock: 
; <label>:31                                      ; preds = %30, %22
  %32 = load i32, i32* @cmd, align 4
  %33 = icmp eq i32 %32, 3
  br i1 %33, label %34, label %35
Facts: interval of dim (67,0):
      v0 in [-oo,+oo]
      v1 in [-oo,+oo]
     v10 in [-oo,+oo]
     v11 in [-oo,+oo]
     v12 in [-4294967295,4294967295]
     v13 in [-oo,+oo]
     v14 in [-4294967295,4294967295]
     v15 in [-4294967295,4294967295]
     v16 in [0,1]
     v17 in [-oo,+oo]
     v18 in [-oo,+oo]
     v19 in [-oo,+oo]
      v2 in [-oo,+oo]
     v20 in [-oo,+oo]
     v21 in [-oo,+oo]
     v22 in [-oo,+oo]
     v23 in [1,1]
     v24 in [1,1]
     v25 in [2,2]
     v26 in [1,1]
     v27 in [0,0]
     v28 in [1,1]
     v29 in [-oo,+oo]
      v3 in [-oo,+oo]
     v30 in [-oo,+oo]
     v31 in [-oo,+oo]
     v32 in [-oo,+oo]
     v33 in [-oo,+oo]
     v34 in [-oo,+oo]
     v35 in [-oo,+oo]
     v36 in [-oo,+oo]
     v37 in [-oo,+oo]
     v38 in [-oo,+oo]
     v39 in [-oo,+oo]
      v4 in [-oo,+oo]
     v40 in [-oo,+oo]
     v41 in [-oo,+oo]
     v42 in [-oo,+oo]
     v43 in [-oo,+oo]
     v44 in [0,0]
     v45 in [0,0]
     v46 in [0,0]
     v47 in [0,0]
     v48 in [0,0]
     v49 in [0,0]
      v5 in [-oo,+oo]
     v50 in [0,0]
     v51 in [-4294967295,4294967295]
     v52 in [0,0]
     v53 in [0,1]
     v54 in [1,1]
     v55 in [-oo,+oo]
     v56 in [-oo,+oo]
     v57 in [-oo,+oo]
     v58 in [-oo,+oo]
     v59 in [-oo,+oo]
      v6 in [-oo,+oo]
     v60 in [-oo,+oo]
     v61 in [-oo,+oo]
     v62 in [-oo,+oo]
     v63 in [-oo,+oo]
     v64 in [-oo,+oo]
     v65 in [-oo,+oo]
     v66 in [-oo,+oo]
      v7 in [-oo,+oo]
      v8 in [-oo,+oo]
      v9 in [-oo,+oo]

BasicBlock: 
; <label>:28                                      ; preds = %25
  store i32 0, i32* @rspStatus, align 4
  br label %30
Facts: interval of dim (67,0):
      v0 in [-oo,+oo]
      v1 in [-oo,+oo]
     v10 in [-oo,+oo]
     v11 in [-oo,+oo]
     v12 in [-4294967295,4294967295]
     v13 in [-oo,+oo]
     v14 in [-4294967295,4294967295]
     v15 in [-4294967295,4294967295]
     v16 in [0,1]
     v17 in [-oo,+oo]
     v18 in [-oo,+oo]
     v19 in [-oo,+oo]
      v2 in [-oo,+oo]
     v20 in [-oo,+oo]
     v21 in [-oo,+oo]
     v22 in [-oo,+oo]
     v23 in [1,1]
     v24 in [1,1]
     v25 in [2,2]
     v26 in [1,1]
     v27 in [0,0]
     v28 in [1,1]
     v29 in [-oo,+oo]
      v3 in [-oo,+oo]
     v30 in [-oo,+oo]
     v31 in [-oo,+oo]
     v32 in [-oo,+oo]
     v33 in [-oo,+oo]
     v34 in [-oo,+oo]
     v35 in [-oo,+oo]
     v36 in [-oo,+oo]
     v37 in [-oo,+oo]
     v38 in [-oo,+oo]
     v39 in [-oo,+oo]
      v4 in [-oo,+oo]
     v40 in [-oo,+oo]
     v41 in [-oo,+oo]
     v42 in [-oo,+oo]
     v43 in [-oo,+oo]
     v44 in [0,0]
     v45 in [0,0]
     v46 in [0,0]
     v47 in [0,0]
     v48 in [0,0]
     v49 in [0,0]
      v5 in [-oo,+oo]
     v50 in [0,0]
     v51 in [-4294967295,4294967295]
     v52 in [-4294967295,4294967295]
     v53 in [0,1]
     v54 in [0,0]
     v55 in [-oo,+oo]
     v56 in [-oo,+oo]
     v57 in [-oo,+oo]
     v58 in [-oo,+oo]
     v59 in [-oo,+oo]
      v6 in [-oo,+oo]
     v60 in [-oo,+oo]
     v61 in [-oo,+oo]
     v62 in [-oo,+oo]
     v63 in [-oo,+oo]
     v64 in [-oo,+oo]
     v65 in [-oo,+oo]
     v66 in [-oo,+oo]
      v7 in [-oo,+oo]
      v8 in [-oo,+oo]
      v9 in [-oo,+oo]

BasicBlock: 
; <label>:29                                      ; preds = %25
  store i32 0, i32* @systemState, align 4
  br label %30
Facts: interval of dim (67,0): bottom

BasicBlock: 
; <label>:30                                      ; preds = %29, %28
  store i32 1, i32* @sendit, align 4
  br label %31
Facts: interval of dim (67,0):
      v0 in [-oo,+oo]
      v1 in [-oo,+oo]
     v10 in [-oo,+oo]
     v11 in [-oo,+oo]
     v12 in [-4294967295,4294967295]
     v13 in [-oo,+oo]
     v14 in [-4294967295,4294967295]
     v15 in [-4294967295,4294967295]
     v16 in [0,1]
     v17 in [-oo,+oo]
     v18 in [-oo,+oo]
     v19 in [-oo,+oo]
      v2 in [-oo,+oo]
     v20 in [-oo,+oo]
     v21 in [-oo,+oo]
     v22 in [-oo,+oo]
     v23 in [1,1]
     v24 in [1,1]
     v25 in [2,2]
     v26 in [1,1]
     v27 in [0,0]
     v28 in [1,1]
     v29 in [-oo,+oo]
      v3 in [-oo,+oo]
     v30 in [-oo,+oo]
     v31 in [-oo,+oo]
     v32 in [-oo,+oo]
     v33 in [-oo,+oo]
     v34 in [-oo,+oo]
     v35 in [-oo,+oo]
     v36 in [-oo,+oo]
     v37 in [-oo,+oo]
     v38 in [-oo,+oo]
     v39 in [-oo,+oo]
      v4 in [-oo,+oo]
     v40 in [-oo,+oo]
     v41 in [-oo,+oo]
     v42 in [-oo,+oo]
     v43 in [-oo,+oo]
     v44 in [0,0]
     v45 in [0,0]
     v46 in [0,0]
     v47 in [0,0]
     v48 in [0,0]
     v49 in [0,0]
      v5 in [-oo,+oo]
     v50 in [0,0]
     v51 in [-4294967295,4294967295]
     v52 in [0,0]
     v53 in [0,1]
     v54 in [0,0]
     v55 in [-oo,+oo]
     v56 in [-oo,+oo]
     v57 in [-oo,+oo]
     v58 in [-oo,+oo]
     v59 in [-oo,+oo]
      v6 in [-oo,+oo]
     v60 in [-oo,+oo]
     v61 in [-oo,+oo]
     v62 in [-oo,+oo]
     v63 in [-oo,+oo]
     v64 in [-oo,+oo]
     v65 in [-oo,+oo]
     v66 in [-oo,+oo]
      v7 in [-oo,+oo]
      v8 in [-oo,+oo]
      v9 in [-oo,+oo]

BasicBlock: 
; <label>:35                                      ; preds = %34, %31
  %36 = load i32, i32* @cmd, align 4
  %37 = icmp eq i32 %36, 4
  br i1 %37, label %38, label %39
Facts: interval of dim (67,0):
      v0 in [-oo,+oo]
      v1 in [-oo,+oo]
     v10 in [-oo,+oo]
     v11 in [-oo,+oo]
     v12 in [-4294967295,4294967295]
     v13 in [-oo,+oo]
     v14 in [-4294967295,4294967295]
     v15 in [-4294967295,4294967295]
     v16 in [0,1]
     v17 in [-oo,+oo]
     v18 in [-oo,+oo]
     v19 in [-oo,+oo]
      v2 in [-oo,+oo]
     v20 in [-oo,+oo]
     v21 in [-oo,+oo]
     v22 in [-oo,+oo]
     v23 in [1,1]
     v24 in [1,1]
     v25 in [-4294967295,4294967295]
     v26 in [0,1]
     v27 in [-oo,+oo]
     v28 in [-oo,+oo]
     v29 in [-4294967295,4294967295]
      v3 in [-oo,+oo]
     v30 in [0,1]
     v31 in [-oo,+oo]
     v32 in [-oo,+oo]
     v33 in [-oo,+oo]
     v34 in [-oo,+oo]
     v35 in [-oo,+oo]
     v36 in [-oo,+oo]
     v37 in [-oo,+oo]
     v38 in [-oo,+oo]
     v39 in [-oo,+oo]
      v4 in [-oo,+oo]
     v40 in [-oo,+oo]
     v41 in [-oo,+oo]
     v42 in [-oo,+oo]
     v43 in [-oo,+oo]
     v44 in [0,0]
     v45 in [0,0]
     v46 in [0,0]
     v47 in [0,0]
     v48 in [0,0]
     v49 in [0,0]
      v5 in [-oo,+oo]
     v50 in [0,0]
     v51 in [-4294967295,4294967295]
     v52 in [-4294967295,4294967295]
     v53 in [0,1]
     v54 in [0,1]
     v55 in [-oo,+oo]
     v56 in [-oo,+oo]
     v57 in [-oo,+oo]
     v58 in [-oo,+oo]
     v59 in [-oo,+oo]
      v6 in [-oo,+oo]
     v60 in [-oo,+oo]
     v61 in [-oo,+oo]
     v62 in [-oo,+oo]
     v63 in [-oo,+oo]
     v64 in [-oo,+oo]
     v65 in [-oo,+oo]
     v66 in [-oo,+oo]
      v7 in [-oo,+oo]
      v8 in [-oo,+oo]
      v9 in [-oo,+oo]

BasicBlock: 
; <label>:38                                      ; preds = %35
  store i32 1, i32* @sendit, align 4
  br label %39
Facts: interval of dim (67,0):
      v0 in [-oo,+oo]
      v1 in [-oo,+oo]
     v10 in [-oo,+oo]
     v11 in [-oo,+oo]
     v12 in [-4294967295,4294967295]
     v13 in [-oo,+oo]
     v14 in [-4294967295,4294967295]
     v15 in [-4294967295,4294967295]
     v16 in [0,1]
     v17 in [-oo,+oo]
     v18 in [-oo,+oo]
     v19 in [-oo,+oo]
      v2 in [-oo,+oo]
     v20 in [-oo,+oo]
     v21 in [-oo,+oo]
     v22 in [-oo,+oo]
     v23 in [1,1]
     v24 in [1,1]
     v25 in [-4294967295,4294967295]
     v26 in [0,1]
     v27 in [-oo,+oo]
     v28 in [-oo,+oo]
     v29 in [-4294967295,4294967295]
      v3 in [-oo,+oo]
     v30 in [0,1]
     v31 in [4,4]
     v32 in [1,1]
     v33 in [-oo,+oo]
     v34 in [-oo,+oo]
     v35 in [-oo,+oo]
     v36 in [-oo,+oo]
     v37 in [-oo,+oo]
     v38 in [-oo,+oo]
     v39 in [-oo,+oo]
      v4 in [-oo,+oo]
     v40 in [-oo,+oo]
     v41 in [-oo,+oo]
     v42 in [-oo,+oo]
     v43 in [-oo,+oo]
     v44 in [0,0]
     v45 in [0,0]
     v46 in [0,0]
     v47 in [0,0]
     v48 in [0,0]
     v49 in [0,0]
      v5 in [-oo,+oo]
     v50 in [0,0]
     v51 in [-4294967295,4294967295]
     v52 in [-4294967295,4294967295]
     v53 in [0,1]
     v54 in [0,1]
     v55 in [-oo,+oo]
     v56 in [-oo,+oo]
     v57 in [-oo,+oo]
     v58 in [-oo,+oo]
     v59 in [-oo,+oo]
      v6 in [-oo,+oo]
     v60 in [-oo,+oo]
     v61 in [-oo,+oo]
     v62 in [-oo,+oo]
     v63 in [-oo,+oo]
     v64 in [-oo,+oo]
     v65 in [-oo,+oo]
     v66 in [-oo,+oo]
      v7 in [-oo,+oo]
      v8 in [-oo,+oo]
      v9 in [-oo,+oo]

BasicBlock: 
; <label>:39                                      ; preds = %38, %35
  %40 = load i32, i32* @cmd, align 4
  %41 = icmp eq i32 %40, 0
  br i1 %41, label %42, label %57
Facts: interval of dim (67,0):
      v0 in [-oo,+oo]
      v1 in [-oo,+oo]
     v10 in [-oo,+oo]
     v11 in [-oo,+oo]
     v12 in [-4294967295,4294967295]
     v13 in [-oo,+oo]
     v14 in [-4294967295,4294967295]
     v15 in [-4294967295,4294967295]
     v16 in [0,1]
     v17 in [-oo,+oo]
     v18 in [-oo,+oo]
     v19 in [-oo,+oo]
      v2 in [-oo,+oo]
     v20 in [-oo,+oo]
     v21 in [-oo,+oo]
     v22 in [-oo,+oo]
     v23 in [1,1]
     v24 in [1,1]
     v25 in [-4294967295,4294967295]
     v26 in [0,1]
     v27 in [-oo,+oo]
     v28 in [-oo,+oo]
     v29 in [-4294967295,4294967295]
      v3 in [-oo,+oo]
     v30 in [0,1]
     v31 in [-4294967295,4294967295]
     v32 in [0,1]
     v33 in [-oo,+oo]
     v34 in [-oo,+oo]
     v35 in [-oo,+oo]
     v36 in [-oo,+oo]
     v37 in [-oo,+oo]
     v38 in [-oo,+oo]
     v39 in [-oo,+oo]
      v4 in [-oo,+oo]
     v40 in [-oo,+oo]
     v41 in [-oo,+oo]
     v42 in [-oo,+oo]
     v43 in [-oo,+oo]
     v44 in [0,0]
     v45 in [0,0]
     v46 in [0,0]
     v47 in [0,0]
     v48 in [0,0]
     v49 in [0,0]
      v5 in [-oo,+oo]
     v50 in [0,0]
     v51 in [-4294967295,4294967295]
     v52 in [-4294967295,4294967295]
     v53 in [0,1]
     v54 in [0,1]
     v55 in [-oo,+oo]
     v56 in [-oo,+oo]
     v57 in [-oo,+oo]
     v58 in [-oo,+oo]
     v59 in [-oo,+oo]
      v6 in [-oo,+oo]
     v60 in [-oo,+oo]
     v61 in [-oo,+oo]
     v62 in [-oo,+oo]
     v63 in [-oo,+oo]
     v64 in [-oo,+oo]
     v65 in [-oo,+oo]
     v66 in [-oo,+oo]
      v7 in [-oo,+oo]
      v8 in [-oo,+oo]
      v9 in [-oo,+oo]

BasicBlock: 
; <label>:42                                      ; preds = %39
  %43 = load i32, i32* @systemState, align 4
  %44 = icmp ne i32 %43, 0
  br i1 %44, label %45, label %46
Facts: interval of dim (67,0):
      v0 in [-oo,+oo]
      v1 in [-oo,+oo]
     v10 in [-oo,+oo]
     v11 in [-oo,+oo]
     v12 in [-4294967295,4294967295]
     v13 in [-oo,+oo]
     v14 in [-4294967295,4294967295]
     v15 in [-4294967295,4294967295]
     v16 in [0,1]
     v17 in [-oo,+oo]
     v18 in [-oo,+oo]
     v19 in [-oo,+oo]
      v2 in [-oo,+oo]
     v20 in [-oo,+oo]
     v21 in [-oo,+oo]
     v22 in [-oo,+oo]
     v23 in [1,1]
     v24 in [1,1]
     v25 in [-4294967295,4294967295]
     v26 in [0,1]
     v27 in [-oo,+oo]
     v28 in [-oo,+oo]
     v29 in [-4294967295,4294967295]
      v3 in [-oo,+oo]
     v30 in [0,1]
     v31 in [-4294967295,4294967295]
     v32 in [0,1]
     v33 in [0,0]
     v34 in [1,1]
     v35 in [-oo,+oo]
     v36 in [-oo,+oo]
     v37 in [-oo,+oo]
     v38 in [-oo,+oo]
     v39 in [-oo,+oo]
      v4 in [-oo,+oo]
     v40 in [-oo,+oo]
     v41 in [-oo,+oo]
     v42 in [-oo,+oo]
     v43 in [-oo,+oo]
     v44 in [0,0]
     v45 in [0,0]
     v46 in [0,0]
     v47 in [0,0]
     v48 in [0,0]
     v49 in [0,0]
      v5 in [-oo,+oo]
     v50 in [0,0]
     v51 in [-4294967295,4294967295]
     v52 in [-4294967295,4294967295]
     v53 in [0,1]
     v54 in [0,1]
     v55 in [-oo,+oo]
     v56 in [-oo,+oo]
     v57 in [-oo,+oo]
     v58 in [-oo,+oo]
     v59 in [-oo,+oo]
      v6 in [-oo,+oo]
     v60 in [-oo,+oo]
     v61 in [-oo,+oo]
     v62 in [-oo,+oo]
     v63 in [-oo,+oo]
     v64 in [-oo,+oo]
     v65 in [-oo,+oo]
     v66 in [-oo,+oo]
      v7 in [-oo,+oo]
      v8 in [-oo,+oo]
      v9 in [-oo,+oo]

BasicBlock: 
; <label>:57                                      ; preds = %56, %39
  br label %58
Facts: interval of dim (67,0):
      v0 in [-oo,+oo]
      v1 in [-oo,+oo]
     v10 in [-oo,+oo]
     v11 in [-oo,+oo]
     v12 in [-4294967295,4294967295]
     v13 in [-oo,+oo]
     v14 in [-4294967295,4294967295]
     v15 in [-4294967295,4294967295]
     v16 in [0,1]
     v17 in [-oo,+oo]
     v18 in [-oo,+oo]
     v19 in [-oo,+oo]
      v2 in [-oo,+oo]
     v20 in [-oo,+oo]
     v21 in [-oo,+oo]
     v22 in [-oo,+oo]
     v23 in [1,1]
     v24 in [1,1]
     v25 in [-4294967295,4294967295]
     v26 in [0,1]
     v27 in [-oo,+oo]
     v28 in [-oo,+oo]
     v29 in [-4294967295,4294967295]
      v3 in [-oo,+oo]
     v30 in [0,1]
     v31 in [-4294967295,4294967295]
     v32 in [0,1]
     v33 in [0,0]
     v34 in [1,1]
     v35 in [0,0]
     v36 in [0,0]
     v37 in [0,1]
     v38 in [1,2]
     v39 in [0,0]
      v4 in [-oo,+oo]
     v40 in [0,0]
     v41 in [0,0]
     v42 in [-oo,+oo]
     v43 in [-oo,+oo]
     v44 in [1,1]
     v45 in [0,1]
     v46 in [0,0]
     v47 in [0,0]
     v48 in [1,1]
     v49 in [1,1]
      v5 in [-oo,+oo]
     v50 in [0,0]
     v51 in [-4294967295,4294967295]
     v52 in [-4294967295,4294967295]
     v53 in [0,1]
     v54 in [1,1]
     v55 in [-oo,+oo]
     v56 in [-oo,+oo]
     v57 in [-oo,+oo]
     v58 in [-oo,+oo]
     v59 in [-oo,+oo]
      v6 in [-oo,+oo]
     v60 in [-oo,+oo]
     v61 in [-oo,+oo]
     v62 in [-oo,+oo]
     v63 in [-oo,+oo]
     v64 in [-oo,+oo]
     v65 in [-oo,+oo]
     v66 in [-oo,+oo]
      v7 in [-oo,+oo]
      v8 in [-oo,+oo]
      v9 in [-oo,+oo]

BasicBlock: 
; <label>:45                                      ; preds = %42
  store i32 0, i32* @rspStatus, align 4
  br label %56
Facts: interval of dim (67,0): bottom

BasicBlock: 
; <label>:46                                      ; preds = %42
  %47 = load i32, i32* @numberOfRecords, align 4
  %48 = add nsw i32 %47, 1
  %49 = icmp sge i32 %48, 64
  br i1 %49, label %50, label %51
Facts: interval of dim (67,0):
      v0 in [-oo,+oo]
      v1 in [-oo,+oo]
     v10 in [-oo,+oo]
     v11 in [-oo,+oo]
     v12 in [-4294967295,4294967295]
     v13 in [-oo,+oo]
     v14 in [-4294967295,4294967295]
     v15 in [-4294967295,4294967295]
     v16 in [0,1]
     v17 in [-oo,+oo]
     v18 in [-oo,+oo]
     v19 in [-oo,+oo]
      v2 in [-oo,+oo]
     v20 in [-oo,+oo]
     v21 in [-oo,+oo]
     v22 in [-oo,+oo]
     v23 in [1,1]
     v24 in [1,1]
     v25 in [-4294967295,4294967295]
     v26 in [0,1]
     v27 in [-oo,+oo]
     v28 in [-oo,+oo]
     v29 in [-4294967295,4294967295]
      v3 in [-oo,+oo]
     v30 in [0,1]
     v31 in [-4294967295,4294967295]
     v32 in [0,1]
     v33 in [0,0]
     v34 in [1,1]
     v35 in [0,0]
     v36 in [0,0]
     v37 in [-oo,+oo]
     v38 in [-oo,+oo]
     v39 in [-oo,+oo]
      v4 in [-oo,+oo]
     v40 in [-oo,+oo]
     v41 in [-oo,+oo]
     v42 in [-oo,+oo]
     v43 in [-oo,+oo]
     v44 in [0,0]
     v45 in [0,0]
     v46 in [0,0]
     v47 in [0,0]
     v48 in [0,0]
     v49 in [0,0]
      v5 in [-oo,+oo]
     v50 in [0,0]
     v51 in [-4294967295,4294967295]
     v52 in [-4294967295,4294967295]
     v53 in [0,1]
     v54 in [0,1]
     v55 in [-oo,+oo]
     v56 in [-oo,+oo]
     v57 in [-oo,+oo]
     v58 in [-oo,+oo]
     v59 in [-oo,+oo]
      v6 in [-oo,+oo]
     v60 in [-oo,+oo]
     v61 in [-oo,+oo]
     v62 in [-oo,+oo]
     v63 in [-oo,+oo]
     v64 in [-oo,+oo]
     v65 in [-oo,+oo]
     v66 in [-oo,+oo]
      v7 in [-oo,+oo]
      v8 in [-oo,+oo]
      v9 in [-oo,+oo]

BasicBlock: 
; <label>:56                                      ; preds = %55, %45
  br label %57
Facts: interval of dim (67,0):
      v0 in [-oo,+oo]
      v1 in [-oo,+oo]
     v10 in [-oo,+oo]
     v11 in [-oo,+oo]
     v12 in [-4294967295,4294967295]
     v13 in [-oo,+oo]
     v14 in [-4294967295,4294967295]
     v15 in [-4294967295,4294967295]
     v16 in [0,1]
     v17 in [-oo,+oo]
     v18 in [-oo,+oo]
     v19 in [-oo,+oo]
      v2 in [-oo,+oo]
     v20 in [-oo,+oo]
     v21 in [-oo,+oo]
     v22 in [-oo,+oo]
     v23 in [1,1]
     v24 in [1,1]
     v25 in [-4294967295,4294967295]
     v26 in [0,1]
     v27 in [-oo,+oo]
     v28 in [-oo,+oo]
     v29 in [-4294967295,4294967295]
      v3 in [-oo,+oo]
     v30 in [0,1]
     v31 in [-4294967295,4294967295]
     v32 in [0,1]
     v33 in [0,0]
     v34 in [1,1]
     v35 in [0,0]
     v36 in [0,0]
     v37 in [0,1]
     v38 in [1,2]
     v39 in [0,0]
      v4 in [-oo,+oo]
     v40 in [0,0]
     v41 in [0,0]
     v42 in [-oo,+oo]
     v43 in [-oo,+oo]
     v44 in [1,1]
     v45 in [0,1]
     v46 in [0,0]
     v47 in [0,0]
     v48 in [1,1]
     v49 in [1,1]
      v5 in [-oo,+oo]
     v50 in [0,0]
     v51 in [-4294967295,4294967295]
     v52 in [-4294967295,4294967295]
     v53 in [0,1]
     v54 in [1,1]
     v55 in [-oo,+oo]
     v56 in [-oo,+oo]
     v57 in [-oo,+oo]
     v58 in [-oo,+oo]
     v59 in [-oo,+oo]
      v6 in [-oo,+oo]
     v60 in [-oo,+oo]
     v61 in [-oo,+oo]
     v62 in [-oo,+oo]
     v63 in [-oo,+oo]
     v64 in [-oo,+oo]
     v65 in [-oo,+oo]
     v66 in [-oo,+oo]
      v7 in [-oo,+oo]
      v8 in [-oo,+oo]
      v9 in [-oo,+oo]

BasicBlock: 
; <label>:50                                      ; preds = %46
  store i32 0, i32* @systemState, align 4
  br label %51
Facts: interval of dim (67,0): bottom

BasicBlock: 
; <label>:51                                      ; preds = %50, %46
  store i32 0, i32* @intervalCounter, align 4
  store i32 0, i32* @tickCounter, align 4
  store i32 0, i32* @numberOfRecords, align 4
  store i32 1, i32* @startTime, align 4
  store i32 1, i32* @interval, align 4
  store i32 1, i32* @systemState, align 4
  %52 = load i32, i32* @numberOfRecords, align 4
  %53 = icmp ne i32 %52, 0
  br i1 %53, label %54, label %55
Facts: interval of dim (67,0):
      v0 in [-oo,+oo]
      v1 in [-oo,+oo]
     v10 in [-oo,+oo]
     v11 in [-oo,+oo]
     v12 in [-4294967295,4294967295]
     v13 in [-oo,+oo]
     v14 in [-4294967295,4294967295]
     v15 in [-4294967295,4294967295]
     v16 in [0,1]
     v17 in [-oo,+oo]
     v18 in [-oo,+oo]
     v19 in [-oo,+oo]
      v2 in [-oo,+oo]
     v20 in [-oo,+oo]
     v21 in [-oo,+oo]
     v22 in [-oo,+oo]
     v23 in [1,1]
     v24 in [1,1]
     v25 in [-4294967295,4294967295]
     v26 in [0,1]
     v27 in [-oo,+oo]
     v28 in [-oo,+oo]
     v29 in [-4294967295,4294967295]
      v3 in [-oo,+oo]
     v30 in [0,1]
     v31 in [-4294967295,4294967295]
     v32 in [0,1]
     v33 in [0,0]
     v34 in [1,1]
     v35 in [0,0]
     v36 in [0,0]
     v37 in [0,1]
     v38 in [1,2]
     v39 in [0,0]
      v4 in [-oo,+oo]
     v40 in [-oo,+oo]
     v41 in [-oo,+oo]
     v42 in [-oo,+oo]
     v43 in [-oo,+oo]
     v44 in [0,0]
     v45 in [0,1]
     v46 in [0,0]
     v47 in [0,0]
     v48 in [0,0]
     v49 in [0,0]
      v5 in [-oo,+oo]
     v50 in [0,0]
     v51 in [-4294967295,4294967295]
     v52 in [-4294967295,4294967295]
     v53 in [0,1]
     v54 in [0,1]
     v55 in [-oo,+oo]
     v56 in [-oo,+oo]
     v57 in [-oo,+oo]
     v58 in [-oo,+oo]
     v59 in [-oo,+oo]
      v6 in [-oo,+oo]
     v60 in [-oo,+oo]
     v61 in [-oo,+oo]
     v62 in [-oo,+oo]
     v63 in [-oo,+oo]
     v64 in [-oo,+oo]
     v65 in [-oo,+oo]
     v66 in [-oo,+oo]
      v7 in [-oo,+oo]
      v8 in [-oo,+oo]
      v9 in [-oo,+oo]

BasicBlock: 
; <label>:54                                      ; preds = %51
  call void @__assert_fail(i8* getelementptr inbounds ([2 x i8], [2 x i8]* @.str.2, i32 0, i32 0), i8* getelementptr inbounds ([7 x i8], [7 x i8]* @.str.3, i32 0, i32 0), i32 142, i8* getelementptr inbounds ([31 x i8], [31 x i8]* @__PRETTY_FUNCTION__.task_communicate, i32 0, i32 0)) #4
  unreachable
Facts: interval of dim (67,0):
      v0 in [-oo,+oo]
      v1 in [-oo,+oo]
     v10 in [-oo,+oo]
     v11 in [-oo,+oo]
     v12 in [-4294967295,4294967295]
     v13 in [-oo,+oo]
     v14 in [-4294967295,4294967295]
     v15 in [-4294967295,4294967295]
     v16 in [0,1]
     v17 in [-oo,+oo]
     v18 in [-oo,+oo]
     v19 in [-oo,+oo]
      v2 in [-oo,+oo]
     v20 in [-oo,+oo]
     v21 in [-oo,+oo]
     v22 in [-oo,+oo]
     v23 in [1,1]
     v24 in [1,1]
     v25 in [-4294967295,4294967295]
     v26 in [0,1]
     v27 in [-oo,+oo]
     v28 in [-oo,+oo]
     v29 in [-4294967295,4294967295]
      v3 in [-oo,+oo]
     v30 in [0,1]
     v31 in [-4294967295,4294967295]
     v32 in [0,1]
     v33 in [0,0]
     v34 in [1,1]
     v35 in [0,0]
     v36 in [0,0]
     v37 in [0,1]
     v38 in [1,2]
     v39 in [0,0]
      v4 in [-oo,+oo]
     v40 in [0,1]
     v41 in [1,1]
     v42 in [-oo,+oo]
     v43 in [-oo,+oo]
     v44 in [1,1]
     v45 in [0,1]
     v46 in [0,0]
     v47 in [0,0]
     v48 in [1,1]
     v49 in [1,1]
      v5 in [-oo,+oo]
     v50 in [0,0]
     v51 in [-4294967295,4294967295]
     v52 in [-4294967295,4294967295]
     v53 in [0,1]
     v54 in [0,1]
     v55 in [-oo,+oo]
     v56 in [-oo,+oo]
     v57 in [-oo,+oo]
     v58 in [-oo,+oo]
     v59 in [-oo,+oo]
      v6 in [-oo,+oo]
     v60 in [-oo,+oo]
     v61 in [-oo,+oo]
     v62 in [-oo,+oo]
     v63 in [-oo,+oo]
     v64 in [-oo,+oo]
     v65 in [-oo,+oo]
     v66 in [-oo,+oo]
      v7 in [-oo,+oo]
      v8 in [-oo,+oo]
      v9 in [-oo,+oo]

BasicBlock: 
; <label>:55                                      ; preds = %51
  store i32 1, i32* @sendit, align 4
  br label %56
Facts: interval of dim (67,0):
      v0 in [-oo,+oo]
      v1 in [-oo,+oo]
     v10 in [-oo,+oo]
     v11 in [-oo,+oo]
     v12 in [-4294967295,4294967295]
     v13 in [-oo,+oo]
     v14 in [-4294967295,4294967295]
     v15 in [-4294967295,4294967295]
     v16 in [0,1]
     v17 in [-oo,+oo]
     v18 in [-oo,+oo]
     v19 in [-oo,+oo]
      v2 in [-oo,+oo]
     v20 in [-oo,+oo]
     v21 in [-oo,+oo]
     v22 in [-oo,+oo]
     v23 in [1,1]
     v24 in [1,1]
     v25 in [-4294967295,4294967295]
     v26 in [0,1]
     v27 in [-oo,+oo]
     v28 in [-oo,+oo]
     v29 in [-4294967295,4294967295]
      v3 in [-oo,+oo]
     v30 in [0,1]
     v31 in [-4294967295,4294967295]
     v32 in [0,1]
     v33 in [0,0]
     v34 in [1,1]
     v35 in [0,0]
     v36 in [0,0]
     v37 in [0,1]
     v38 in [1,2]
     v39 in [0,0]
      v4 in [-oo,+oo]
     v40 in [0,0]
     v41 in [0,0]
     v42 in [-oo,+oo]
     v43 in [-oo,+oo]
     v44 in [1,1]
     v45 in [0,1]
     v46 in [0,0]
     v47 in [0,0]
     v48 in [1,1]
     v49 in [1,1]
      v5 in [-oo,+oo]
     v50 in [0,0]
     v51 in [-4294967295,4294967295]
     v52 in [-4294967295,4294967295]
     v53 in [0,1]
     v54 in [0,1]
     v55 in [-oo,+oo]
     v56 in [-oo,+oo]
     v57 in [-oo,+oo]
     v58 in [-oo,+oo]
     v59 in [-oo,+oo]
      v6 in [-oo,+oo]
     v60 in [-oo,+oo]
     v61 in [-oo,+oo]
     v62 in [-oo,+oo]
     v63 in [-oo,+oo]
     v64 in [-oo,+oo]
     v65 in [-oo,+oo]
     v66 in [-oo,+oo]
      v7 in [-oo,+oo]
      v8 in [-oo,+oo]
      v9 in [-oo,+oo]

======================
==== main() Results ====
BasicBlock: 
  %t1 = alloca i64, align 8
  %t2 = alloca i64, align 8
  store i32 0, i32* @systemState, align 4
  %1 = call i32 @pthread_create(i64* %t1, %union.pthread_attr_t* null, i8* (i8*)* @task_communicate, i8* null) #3
  %2 = call i32 @pthread_create(i64* %t2, %union.pthread_attr_t* null, i8* (i8*)* @task_measure, i8* null) #3
  ret i32 0
Facts: interval of dim (67,0):
      v0 in [-oo,+oo]
      v1 in [-oo,+oo]
     v10 in [-oo,+oo]
     v11 in [-oo,+oo]
     v12 in [-oo,+oo]
     v13 in [-oo,+oo]
     v14 in [-oo,+oo]
     v15 in [-oo,+oo]
     v16 in [-oo,+oo]
     v17 in [-oo,+oo]
     v18 in [-oo,+oo]
     v19 in [-oo,+oo]
      v2 in [-oo,+oo]
     v20 in [-oo,+oo]
     v21 in [-oo,+oo]
     v22 in [-oo,+oo]
     v23 in [-oo,+oo]
     v24 in [-oo,+oo]
     v25 in [-oo,+oo]
     v26 in [-oo,+oo]
     v27 in [-oo,+oo]
     v28 in [-oo,+oo]
     v29 in [-oo,+oo]
      v3 in [-oo,+oo]
     v30 in [-oo,+oo]
     v31 in [-oo,+oo]
     v32 in [-oo,+oo]
     v33 in [-oo,+oo]
     v34 in [-oo,+oo]
     v35 in [-oo,+oo]
     v36 in [-oo,+oo]
     v37 in [-oo,+oo]
     v38 in [-oo,+oo]
     v39 in [-oo,+oo]
      v4 in [-oo,+oo]
     v40 in [-oo,+oo]
     v41 in [-oo,+oo]
     v42 in [-oo,+oo]
     v43 in [-oo,+oo]
     v44 in [0,0]
     v45 in [0,0]
     v46 in [0,0]
     v47 in [0,0]
     v48 in [0,0]
     v49 in [0,0]
      v5 in [-oo,+oo]
     v50 in [0,0]
     v51 in [0,0]
     v52 in [0,0]
     v53 in [0,0]
     v54 in [0,0]
     v55 in [-oo,+oo]
     v56 in [-oo,+oo]
     v57 in [-oo,+oo]
     v58 in [-oo,+oo]
     v59 in [-oo,+oo]
      v6 in [-oo,+oo]
     v60 in [-oo,+oo]
     v61 in [-oo,+oo]
     v62 in [-oo,+oo]
     v63 in [-oo,+oo]
     v64 in [-oo,+oo]
     v65 in [-oo,+oo]
     v66 in [-oo,+oo]
      v7 in [-oo,+oo]
      v8 in [-oo,+oo]
      v9 in [-oo,+oo]

======================
[WARNING] Value not dumped to metadata: @decodingStatus = common global i32 0, align 4
	type not handled
[WARNING] Value not dumped to metadata: @systemState = common global i32 0, align 4
	type not handled
[WARNING] Value not dumped to metadata: @numberOfRecords = common global i32 0, align 4
	type not handled
[WARNING] Value not dumped to metadata: @intervalCounter = common global i32 0, align 4
	type not handled
[WARNING] Value not dumped to metadata: @tickCounter = common global i32 0, align 4
	type not handled
[WARNING] Value not dumped to metadata: @startTime = common global i32 0, align 4
	type not handled
[WARNING] Value not dumped to metadata: @interval = common global i32 0, align 4
	type not handled
[WARNING] Value not dumped to metadata: @records = common global i32 0, align 4
	type not handled
[WARNING] Value not dumped to metadata: @cmd = common global i32 0, align 4
	type not handled
[WARNING] Value not dumped to metadata: @rspStatus = common global i32 0, align 4
	type not handled
[WARNING] Value not dumped to metadata: @sendit = common global i32 0, align 4
	type not handled
Errors found: 1
Max Permutations: 0
Total pairs: 0
Filtered pairs: 0
